2024-03-31 16:36:25,033 DEBUG c.g.c.LoginController [JavaFX Application Thread] username: x
2024-03-31 16:36:25,037 DEBUG c.g.c.LoginController [JavaFX Application Thread] password: x
2024-03-31 16:36:25,213 INFO o.h.Version [JavaFX Application Thread] HHH000412: Hibernate Core {5.1.13.Final}
2024-03-31 16:36:25,214 INFO o.h.c.Environment [JavaFX Application Thread] HHH000206: hibernate.properties not found
2024-03-31 16:36:25,215 INFO o.h.c.Environment [JavaFX Application Thread] HHH000021: Bytecode provider name : javassist
2024-03-31 16:36:25,288 INFO o.h.a.c.r.j.JavaReflectionManager [JavaFX Application Thread] HCANN000001: Hibernate Commons Annotations {5.0.1.Final}
2024-03-31 16:36:25,366 WARN o.h.e.j.c.i.DriverManagerConnectionProviderImpl [JavaFX Application Thread] HHH10001002: Using Hibernate built-in connection pool (not for production use!)
2024-03-31 16:36:25,379 INFO o.h.e.j.c.i.DriverManagerConnectionProviderImpl [JavaFX Application Thread] HHH10001005: using driver [com.mysql.cj.jdbc.Driver] at URL [jdbc:mysql://localhost:3306/gnfs?useSSL=false]
2024-03-31 16:36:25,379 INFO o.h.e.j.c.i.DriverManagerConnectionProviderImpl [JavaFX Application Thread] HHH10001001: Connection properties: {user=root, password=****}
2024-03-31 16:36:25,380 INFO o.h.e.j.c.i.DriverManagerConnectionProviderImpl [JavaFX Application Thread] HHH10001003: Autocommit mode: true
2024-03-31 16:36:25,383 INFO o.h.e.j.c.i.PooledConnections [JavaFX Application Thread] HHH000115: Hibernate connection pool size: 3 (min=1)
2024-03-31 16:36:25,591 INFO o.h.d.Dialect [JavaFX Application Thread] HHH000400: Using dialect: org.hibernate.dialect.MySQL5Dialect
2024-03-31 16:36:26,917 INFO o.h.h.i.QueryTranslatorFactoryInitiator [JavaFX Application Thread] HHH000397: Using ASTQueryTranslatorFactory
2024-03-31 16:36:27,045 INFO c.g.c.MainController [JavaFX Application Thread] Login successful.
2024-03-31 16:36:37,466 INFO c.g.c.MainController [JavaFX Application Thread] Login successful.
2024-03-31 16:36:37,637 INFO c.g.c.MainController [JavaFX Application Thread] Reset successful
2024-03-31 16:36:38,992 INFO c.g.c.MainController [JavaFX Application Thread] Login successful.
2024-03-31 16:36:39,127 INFO c.g.c.MainController [JavaFX Application Thread] Reset successful
2024-03-31 16:36:45,521 DEBUG c.g.c.MainController [JavaFX Application Thread] Adding Owner Row..... 1
2024-03-31 16:36:46,799 DEBUG c.g.c.MainController [JavaFX Application Thread] Adding Owner Row..... 2
2024-03-31 16:36:47,473 DEBUG c.g.c.MainController [JavaFX Application Thread] Adding Owner Row..... 3
2024-03-31 16:36:48,417 DEBUG c.g.c.MainController [JavaFX Application Thread] Adding Occupyer Row..... 1
2024-03-31 16:36:48,635 DEBUG c.g.c.MainController [JavaFX Application Thread] Adding Occupyer Row..... 2
2024-03-31 16:36:49,910 DEBUG c.g.c.MainController [JavaFX Application Thread] Adding Occupyer Row..... 3
2024-03-31 16:36:50,590 DEBUG c.g.c.MainController [JavaFX Application Thread] Adding Occupyer Row..... 4
2024-03-31 16:36:56,540 DEBUG c.g.c.InchargeController [JavaFX Application Thread] Initialising table data.......
2024-03-31 16:36:57,988 DEBUG c.g.u.DefaultManager [JavaFX Application Thread] saving.......
2024-03-31 16:36:58,156 DEBUG c.g.c.InchargeController [JavaFX Application Thread] Initialising table data.......
2024-03-31 16:37:04,310 DEBUG c.g.u.DefaultManager [JavaFX Application Thread] saving.......
2024-03-31 16:37:04,370 DEBUG c.g.c.InchargeController [JavaFX Application Thread] Initialising table data.......
2024-03-31 16:37:10,809 DEBUG c.g.u.DefaultManager [JavaFX Application Thread] Deleted....
2024-03-31 16:37:10,871 DEBUG c.g.c.InchargeController [JavaFX Application Thread] Initialising table data.......
2024-03-31 16:37:18,655 DEBUG c.g.u.DefaultManager [JavaFX Application Thread] Deleted....
2024-03-31 16:37:18,696 DEBUG c.g.c.InchargeController [JavaFX Application Thread] Initialising table data.......
2024-03-31 16:37:26,872 DEBUG c.g.c.MainController [JavaFX Application Thread] Adding Owner Row..... 4
2024-03-31 16:37:27,346 DEBUG c.g.c.MainController [JavaFX Application Thread] Adding Owner Row..... 5
2024-03-31 16:37:27,720 DEBUG c.g.c.MainController [JavaFX Application Thread] Adding Owner Row..... 6
2024-03-31 16:37:28,234 DEBUG c.g.c.MainController [JavaFX Application Thread] Adding Owner Row..... 7
2024-03-31 16:37:50,616 DEBUG c.g.u.JUtils [JavaFX Application Thread] rootPath: C:\development\java-web\gnfs\gnfs_storage
2024-03-31 16:37:50,619 DEBUG c.g.c.MediaController [JavaFX Application Thread] directories: [C:\development\java-web\gnfs\gnfs_storage\Jacob Adom - 0574417585]
2024-03-31 16:37:55,706 DEBUG c.g.c.MediaController$1 [JavaFX Application Thread] oldValue: null
2024-03-31 16:37:55,707 DEBUG c.g.c.MediaController$1 [JavaFX Application Thread] newValue: Screenshot 2023-09-25 083545.png
2024-03-31 16:37:55,707 DEBUG c.g.c.MediaController$1 [JavaFX Application Thread] newpath: C:\development\java-web\gnfs\gnfs_storage\Screenshot 2023-09-25 083545.png
2024-03-31 16:37:55,710 DEBUG c.g.c.MediaController$1 [JavaFX Application Thread] File: C:\development\java-web\gnfs\gnfs_storage\Jacob Adom - 0574417585\Screenshot 2023-09-25 083545.png
2024-03-31 16:37:55,710 DEBUG c.g.c.MediaController$1 [JavaFX Application Thread] File found: C:\development\java-web\gnfs\gnfs_storage\Jacob Adom - 0574417585\Screenshot 2023-09-25 083545.png
2024-03-31 16:38:01,651 DEBUG c.g.c.MediaController$1 [JavaFX Application Thread] oldValue: TreeItem [ value: Screenshot 2023-09-25 083545.png ]
2024-03-31 16:38:01,652 DEBUG c.g.c.MediaController$1 [JavaFX Application Thread] newValue: Jacob Adom - 0574417585
2024-03-31 16:38:01,652 DEBUG c.g.c.MediaController$1 [JavaFX Application Thread] newpath: C:\development\java-web\gnfs\gnfs_storage\Jacob Adom - 0574417585
2024-03-31 16:38:01,653 DEBUG c.g.c.MediaController$1 [JavaFX Application Thread] Hello Directory
2024-03-31 16:38:01,653 DEBUG c.g.c.MediaController$1 [JavaFX Application Thread] files: {}C:\development\java-web\gnfs\gnfs_storage\Jacob Adom - 0574417585\Screenshot 2023-09-25 083545.png
2024-03-31 16:38:07,378 DEBUG c.g.c.MainController [JavaFX Application Thread] Search: 
