2024-02-04 18:24:29,580 INFO o.h.Version [JavaFX Application Thread] HHH000412: Hibernate Core {5.1.13.Final}
2024-02-04 18:24:29,583 INFO o.h.c.Environment [JavaFX Application Thread] HHH000206: hibernate.properties not found
2024-02-04 18:24:29,584 INFO o.h.c.Environment [JavaFX Application Thread] HHH000021: Bytecode provider name : javassist
2024-02-04 18:24:29,608 INFO o.h.a.c.r.j.JavaReflectionManager [JavaFX Application Thread] HCANN000001: Hibernate Commons Annotations {5.0.1.Final}
2024-02-04 18:24:29,648 WARN o.h.e.j.c.i.DriverManagerConnectionProviderImpl [JavaFX Application Thread] HHH10001002: Using Hibernate built-in connection pool (not for production use!)
2024-02-04 18:24:29,652 INFO o.h.e.j.c.i.DriverManagerConnectionProviderImpl [JavaFX Application Thread] HHH10001005: using driver [com.mysql.cj.jdbc.Driver] at URL [jdbc:mysql://localhost:3306/gnfs?useSSL=false]
2024-02-04 18:24:29,654 INFO o.h.e.j.c.i.DriverManagerConnectionProviderImpl [JavaFX Application Thread] HHH10001001: Connection properties: {user=root, password=****}
2024-02-04 18:24:29,654 INFO o.h.e.j.c.i.DriverManagerConnectionProviderImpl [JavaFX Application Thread] HHH10001003: Autocommit mode: true
2024-02-04 18:24:29,656 INFO o.h.e.j.c.i.PooledConnections [JavaFX Application Thread] HHH000115: Hibernate connection pool size: 3 (min=1)
2024-02-04 18:24:29,793 INFO o.h.d.Dialect [JavaFX Application Thread] HHH000400: Using dialect: org.hibernate.dialect.MySQL5Dialect
2024-02-04 18:24:30,776 INFO o.h.h.i.QueryTranslatorFactoryInitiator [JavaFX Application Thread] HHH000397: Using ASTQueryTranslatorFactory
2024-02-04 18:24:35,252 INFO c.g.c.MainController [JavaFX Application Thread] Reset successful
2024-02-04 18:24:42,270 INFO c.g.c.MainController [JavaFX Application Thread] Reset successful
2024-02-04 18:28:46,189 INFO c.g.c.MainController [JavaFX Application Thread] Reset successful
2024-02-04 18:58:25,449 INFO o.h.Version [JavaFX Application Thread] HHH000412: Hibernate Core {5.1.13.Final}
2024-02-04 18:58:25,451 INFO o.h.c.Environment [JavaFX Application Thread] HHH000206: hibernate.properties not found
2024-02-04 18:58:25,452 INFO o.h.c.Environment [JavaFX Application Thread] HHH000021: Bytecode provider name : javassist
2024-02-04 18:58:25,479 INFO o.h.a.c.r.j.JavaReflectionManager [JavaFX Application Thread] HCANN000001: Hibernate Commons Annotations {5.0.1.Final}
2024-02-04 18:58:25,518 WARN o.h.e.j.c.i.DriverManagerConnectionProviderImpl [JavaFX Application Thread] HHH10001002: Using Hibernate built-in connection pool (not for production use!)
2024-02-04 18:58:25,522 INFO o.h.e.j.c.i.DriverManagerConnectionProviderImpl [JavaFX Application Thread] HHH10001005: using driver [com.mysql.cj.jdbc.Driver] at URL [jdbc:mysql://localhost:3306/gnfs?useSSL=false]
2024-02-04 18:58:25,522 INFO o.h.e.j.c.i.DriverManagerConnectionProviderImpl [JavaFX Application Thread] HHH10001001: Connection properties: {user=root, password=****}
2024-02-04 18:58:25,522 INFO o.h.e.j.c.i.DriverManagerConnectionProviderImpl [JavaFX Application Thread] HHH10001003: Autocommit mode: true
2024-02-04 18:58:25,524 INFO o.h.e.j.c.i.PooledConnections [JavaFX Application Thread] HHH000115: Hibernate connection pool size: 3 (min=1)
2024-02-04 18:58:25,659 INFO o.h.d.Dialect [JavaFX Application Thread] HHH000400: Using dialect: org.hibernate.dialect.MySQL5Dialect
2024-02-04 18:58:26,537 INFO o.h.h.i.QueryTranslatorFactoryInitiator [JavaFX Application Thread] HHH000397: Using ASTQueryTranslatorFactory
2024-02-04 18:58:26,651 INFO c.g.c.MainController [JavaFX Application Thread] Login successful.
2024-02-04 19:00:10,476 INFO o.h.Version [JavaFX Application Thread] HHH000412: Hibernate Core {5.1.13.Final}
2024-02-04 19:00:10,479 INFO o.h.c.Environment [JavaFX Application Thread] HHH000206: hibernate.properties not found
2024-02-04 19:00:10,480 INFO o.h.c.Environment [JavaFX Application Thread] HHH000021: Bytecode provider name : javassist
2024-02-04 19:00:10,507 INFO o.h.a.c.r.j.JavaReflectionManager [JavaFX Application Thread] HCANN000001: Hibernate Commons Annotations {5.0.1.Final}
2024-02-04 19:00:10,547 WARN o.h.e.j.c.i.DriverManagerConnectionProviderImpl [JavaFX Application Thread] HHH10001002: Using Hibernate built-in connection pool (not for production use!)
2024-02-04 19:00:10,552 INFO o.h.e.j.c.i.DriverManagerConnectionProviderImpl [JavaFX Application Thread] HHH10001005: using driver [com.mysql.cj.jdbc.Driver] at URL [jdbc:mysql://localhost:3306/gnfs?useSSL=false]
2024-02-04 19:00:10,553 INFO o.h.e.j.c.i.DriverManagerConnectionProviderImpl [JavaFX Application Thread] HHH10001001: Connection properties: {user=root, password=****}
2024-02-04 19:00:10,553 INFO o.h.e.j.c.i.DriverManagerConnectionProviderImpl [JavaFX Application Thread] HHH10001003: Autocommit mode: true
2024-02-04 19:00:10,555 INFO o.h.e.j.c.i.PooledConnections [JavaFX Application Thread] HHH000115: Hibernate connection pool size: 3 (min=1)
2024-02-04 19:00:10,698 INFO o.h.d.Dialect [JavaFX Application Thread] HHH000400: Using dialect: org.hibernate.dialect.MySQL5Dialect
2024-02-04 19:00:11,716 INFO o.h.h.i.QueryTranslatorFactoryInitiator [JavaFX Application Thread] HHH000397: Using ASTQueryTranslatorFactory
2024-02-04 19:00:11,859 INFO c.g.c.MainController [JavaFX Application Thread] Login successful.
2024-02-04 19:00:17,562 INFO c.g.c.MainController [JavaFX Application Thread] Login successful.
2024-02-04 19:00:17,739 INFO c.g.c.MainController [JavaFX Application Thread] Reset successful
2024-02-04 19:03:04,712 INFO o.h.Version [JavaFX Application Thread] HHH000412: Hibernate Core {5.1.13.Final}
2024-02-04 19:03:04,715 INFO o.h.c.Environment [JavaFX Application Thread] HHH000206: hibernate.properties not found
2024-02-04 19:03:04,716 INFO o.h.c.Environment [JavaFX Application Thread] HHH000021: Bytecode provider name : javassist
2024-02-04 19:03:04,746 INFO o.h.a.c.r.j.JavaReflectionManager [JavaFX Application Thread] HCANN000001: Hibernate Commons Annotations {5.0.1.Final}
2024-02-04 19:03:04,794 WARN o.h.e.j.c.i.DriverManagerConnectionProviderImpl [JavaFX Application Thread] HHH10001002: Using Hibernate built-in connection pool (not for production use!)
2024-02-04 19:03:04,800 INFO o.h.e.j.c.i.DriverManagerConnectionProviderImpl [JavaFX Application Thread] HHH10001005: using driver [com.mysql.cj.jdbc.Driver] at URL [jdbc:mysql://localhost:3306/gnfs?useSSL=false]
2024-02-04 19:03:04,800 INFO o.h.e.j.c.i.DriverManagerConnectionProviderImpl [JavaFX Application Thread] HHH10001001: Connection properties: {user=root, password=****}
2024-02-04 19:03:04,800 INFO o.h.e.j.c.i.DriverManagerConnectionProviderImpl [JavaFX Application Thread] HHH10001003: Autocommit mode: true
2024-02-04 19:03:04,803 INFO o.h.e.j.c.i.PooledConnections [JavaFX Application Thread] HHH000115: Hibernate connection pool size: 3 (min=1)
2024-02-04 19:03:04,952 INFO o.h.d.Dialect [JavaFX Application Thread] HHH000400: Using dialect: org.hibernate.dialect.MySQL5Dialect
2024-02-04 19:03:05,983 INFO o.h.h.i.QueryTranslatorFactoryInitiator [JavaFX Application Thread] HHH000397: Using ASTQueryTranslatorFactory
2024-02-04 19:03:06,127 INFO c.g.c.MainController [JavaFX Application Thread] Login successful.
2024-02-04 19:23:13,304 INFO o.h.Version [JavaFX Application Thread] HHH000412: Hibernate Core {5.1.13.Final}
2024-02-04 19:23:13,307 INFO o.h.c.Environment [JavaFX Application Thread] HHH000206: hibernate.properties not found
2024-02-04 19:23:13,308 INFO o.h.c.Environment [JavaFX Application Thread] HHH000021: Bytecode provider name : javassist
2024-02-04 19:23:13,333 INFO o.h.a.c.r.j.JavaReflectionManager [JavaFX Application Thread] HCANN000001: Hibernate Commons Annotations {5.0.1.Final}
2024-02-04 19:23:13,372 WARN o.h.e.j.c.i.DriverManagerConnectionProviderImpl [JavaFX Application Thread] HHH10001002: Using Hibernate built-in connection pool (not for production use!)
2024-02-04 19:23:13,376 INFO o.h.e.j.c.i.DriverManagerConnectionProviderImpl [JavaFX Application Thread] HHH10001005: using driver [com.mysql.cj.jdbc.Driver] at URL [jdbc:mysql://localhost:3306/gnfs?useSSL=false]
2024-02-04 19:23:13,377 INFO o.h.e.j.c.i.DriverManagerConnectionProviderImpl [JavaFX Application Thread] HHH10001001: Connection properties: {user=root, password=****}
2024-02-04 19:23:13,377 INFO o.h.e.j.c.i.DriverManagerConnectionProviderImpl [JavaFX Application Thread] HHH10001003: Autocommit mode: true
2024-02-04 19:23:13,378 INFO o.h.e.j.c.i.PooledConnections [JavaFX Application Thread] HHH000115: Hibernate connection pool size: 3 (min=1)
2024-02-04 19:23:13,505 INFO o.h.d.Dialect [JavaFX Application Thread] HHH000400: Using dialect: org.hibernate.dialect.MySQL5Dialect
2024-02-04 19:23:14,381 INFO o.h.h.i.QueryTranslatorFactoryInitiator [JavaFX Application Thread] HHH000397: Using ASTQueryTranslatorFactory
2024-02-04 19:23:14,500 INFO c.g.c.MainController [JavaFX Application Thread] Login successful.
2024-02-04 19:27:02,319 INFO o.h.Version [JavaFX Application Thread] HHH000412: Hibernate Core {5.1.13.Final}
2024-02-04 19:27:02,323 INFO o.h.c.Environment [JavaFX Application Thread] HHH000206: hibernate.properties not found
2024-02-04 19:27:02,324 INFO o.h.c.Environment [JavaFX Application Thread] HHH000021: Bytecode provider name : javassist
2024-02-04 19:27:02,351 INFO o.h.a.c.r.j.JavaReflectionManager [JavaFX Application Thread] HCANN000001: Hibernate Commons Annotations {5.0.1.Final}
2024-02-04 19:27:02,395 WARN o.h.e.j.c.i.DriverManagerConnectionProviderImpl [JavaFX Application Thread] HHH10001002: Using Hibernate built-in connection pool (not for production use!)
2024-02-04 19:27:02,400 INFO o.h.e.j.c.i.DriverManagerConnectionProviderImpl [JavaFX Application Thread] HHH10001005: using driver [com.mysql.cj.jdbc.Driver] at URL [jdbc:mysql://localhost:3306/gnfs?useSSL=false]
2024-02-04 19:27:02,401 INFO o.h.e.j.c.i.DriverManagerConnectionProviderImpl [JavaFX Application Thread] HHH10001001: Connection properties: {user=root, password=****}
2024-02-04 19:27:02,401 INFO o.h.e.j.c.i.DriverManagerConnectionProviderImpl [JavaFX Application Thread] HHH10001003: Autocommit mode: true
2024-02-04 19:27:02,403 INFO o.h.e.j.c.i.PooledConnections [JavaFX Application Thread] HHH000115: Hibernate connection pool size: 3 (min=1)
2024-02-04 19:27:02,555 INFO o.h.d.Dialect [JavaFX Application Thread] HHH000400: Using dialect: org.hibernate.dialect.MySQL5Dialect
2024-02-04 19:27:03,522 INFO o.h.h.i.QueryTranslatorFactoryInitiator [JavaFX Application Thread] HHH000397: Using ASTQueryTranslatorFactory
2024-02-04 19:27:03,659 INFO c.g.c.MainController [JavaFX Application Thread] Login successful.
2024-02-04 19:27:28,934 INFO c.g.c.LoginController [JavaFX Application Thread] username: x
2024-02-04 19:27:28,936 INFO c.g.c.LoginController [JavaFX Application Thread] password: x
2024-02-04 19:27:29,033 INFO o.h.Version [JavaFX Application Thread] HHH000412: Hibernate Core {5.1.13.Final}
2024-02-04 19:27:29,034 INFO o.h.c.Environment [JavaFX Application Thread] HHH000206: hibernate.properties not found
2024-02-04 19:27:29,035 INFO o.h.c.Environment [JavaFX Application Thread] HHH000021: Bytecode provider name : javassist
2024-02-04 19:27:29,060 INFO o.h.a.c.r.j.JavaReflectionManager [JavaFX Application Thread] HCANN000001: Hibernate Commons Annotations {5.0.1.Final}
2024-02-04 19:27:29,097 WARN o.h.e.j.c.i.DriverManagerConnectionProviderImpl [JavaFX Application Thread] HHH10001002: Using Hibernate built-in connection pool (not for production use!)
2024-02-04 19:27:29,101 INFO o.h.e.j.c.i.DriverManagerConnectionProviderImpl [JavaFX Application Thread] HHH10001005: using driver [com.mysql.cj.jdbc.Driver] at URL [jdbc:mysql://localhost:3306/gnfs?useSSL=false]
2024-02-04 19:27:29,102 INFO o.h.e.j.c.i.DriverManagerConnectionProviderImpl [JavaFX Application Thread] HHH10001001: Connection properties: {user=root, password=****}
2024-02-04 19:27:29,102 INFO o.h.e.j.c.i.DriverManagerConnectionProviderImpl [JavaFX Application Thread] HHH10001003: Autocommit mode: true
2024-02-04 19:27:29,104 INFO o.h.e.j.c.i.PooledConnections [JavaFX Application Thread] HHH000115: Hibernate connection pool size: 3 (min=1)
2024-02-04 19:27:29,232 INFO o.h.d.Dialect [JavaFX Application Thread] HHH000400: Using dialect: org.hibernate.dialect.MySQL5Dialect
2024-02-04 19:27:30,170 INFO o.h.h.i.QueryTranslatorFactoryInitiator [JavaFX Application Thread] HHH000397: Using ASTQueryTranslatorFactory
2024-02-04 19:27:30,291 INFO c.g.c.MainController [JavaFX Application Thread] Login successful.
2024-02-04 19:34:46,079 INFO c.g.c.LoginController [JavaFX Application Thread] username: x
2024-02-04 19:34:46,082 INFO c.g.c.LoginController [JavaFX Application Thread] password: x
2024-02-04 19:34:46,177 INFO o.h.Version [JavaFX Application Thread] HHH000412: Hibernate Core {5.1.13.Final}
2024-02-04 19:34:46,178 INFO o.h.c.Environment [JavaFX Application Thread] HHH000206: hibernate.properties not found
2024-02-04 19:34:46,179 INFO o.h.c.Environment [JavaFX Application Thread] HHH000021: Bytecode provider name : javassist
2024-02-04 19:34:46,204 INFO o.h.a.c.r.j.JavaReflectionManager [JavaFX Application Thread] HCANN000001: Hibernate Commons Annotations {5.0.1.Final}
2024-02-04 19:34:46,242 WARN o.h.e.j.c.i.DriverManagerConnectionProviderImpl [JavaFX Application Thread] HHH10001002: Using Hibernate built-in connection pool (not for production use!)
2024-02-04 19:34:46,245 INFO o.h.e.j.c.i.DriverManagerConnectionProviderImpl [JavaFX Application Thread] HHH10001005: using driver [com.mysql.cj.jdbc.Driver] at URL [jdbc:mysql://localhost:3306/gnfs?useSSL=false]
2024-02-04 19:34:46,246 INFO o.h.e.j.c.i.DriverManagerConnectionProviderImpl [JavaFX Application Thread] HHH10001001: Connection properties: {user=root, password=****}
2024-02-04 19:34:46,246 INFO o.h.e.j.c.i.DriverManagerConnectionProviderImpl [JavaFX Application Thread] HHH10001003: Autocommit mode: true
2024-02-04 19:34:46,248 INFO o.h.e.j.c.i.PooledConnections [JavaFX Application Thread] HHH000115: Hibernate connection pool size: 3 (min=1)
2024-02-04 19:34:46,378 INFO o.h.d.Dialect [JavaFX Application Thread] HHH000400: Using dialect: org.hibernate.dialect.MySQL5Dialect
2024-02-04 19:34:47,227 INFO o.h.h.i.QueryTranslatorFactoryInitiator [JavaFX Application Thread] HHH000397: Using ASTQueryTranslatorFactory
2024-02-04 19:34:47,347 INFO c.g.c.MainController [JavaFX Application Thread] Login successful.
2024-02-04 19:34:51,055 DEBUG c.g.c.MainController [JavaFX Application Thread] Adding Owner Row..... 1
2024-02-04 19:35:18,512 DEBUG c.g.c.MainController [JavaFX Application Thread] Adding Owner Row..... 2
2024-02-04 19:35:20,547 DEBUG c.g.c.MainController [JavaFX Application Thread] Adding Occupyer Row..... 1
2024-02-04 19:35:24,304 DEBUG c.g.c.MainController [JavaFX Application Thread] Adding Occupyer Row..... 2
2024-02-04 19:35:29,856 DEBUG c.g.c.MainController [JavaFX Application Thread] Adding Staff Row..... 1
2024-02-04 19:35:31,181 DEBUG c.g.c.MainController [JavaFX Application Thread] Adding Staff Row..... 2
2024-02-04 19:36:14,958 DEBUG c.g.c.MainController [JavaFX Application Thread] Adding Staff Row..... 3
2024-02-04 19:36:20,021 DEBUG c.g.c.MainController [JavaFX Application Thread] Adding Occupyer Row..... 3
2024-02-04 19:36:23,241 DEBUG c.g.c.MainController [JavaFX Application Thread] Adding Occupyer Row..... 4
2024-02-04 19:36:26,247 DEBUG c.g.c.MainController [JavaFX Application Thread] Adding Owner Row..... 3
2024-02-04 19:37:50,835 DEBUG c.g.c.LoginController [JavaFX Application Thread] username: x
2024-02-04 19:37:50,837 DEBUG c.g.c.LoginController [JavaFX Application Thread] password: x
2024-02-04 19:37:50,934 INFO o.h.Version [JavaFX Application Thread] HHH000412: Hibernate Core {5.1.13.Final}
2024-02-04 19:37:50,936 INFO o.h.c.Environment [JavaFX Application Thread] HHH000206: hibernate.properties not found
2024-02-04 19:37:50,937 INFO o.h.c.Environment [JavaFX Application Thread] HHH000021: Bytecode provider name : javassist
2024-02-04 19:37:50,964 INFO o.h.a.c.r.j.JavaReflectionManager [JavaFX Application Thread] HCANN000001: Hibernate Commons Annotations {5.0.1.Final}
2024-02-04 19:37:51,001 WARN o.h.e.j.c.i.DriverManagerConnectionProviderImpl [JavaFX Application Thread] HHH10001002: Using Hibernate built-in connection pool (not for production use!)
2024-02-04 19:37:51,005 INFO o.h.e.j.c.i.DriverManagerConnectionProviderImpl [JavaFX Application Thread] HHH10001005: using driver [com.mysql.cj.jdbc.Driver] at URL [jdbc:mysql://localhost:3306/gnfs?useSSL=false]
2024-02-04 19:37:51,006 INFO o.h.e.j.c.i.DriverManagerConnectionProviderImpl [JavaFX Application Thread] HHH10001001: Connection properties: {user=root, password=****}
2024-02-04 19:37:51,006 INFO o.h.e.j.c.i.DriverManagerConnectionProviderImpl [JavaFX Application Thread] HHH10001003: Autocommit mode: true
2024-02-04 19:37:51,008 INFO o.h.e.j.c.i.PooledConnections [JavaFX Application Thread] HHH000115: Hibernate connection pool size: 3 (min=1)
2024-02-04 19:37:51,142 INFO o.h.d.Dialect [JavaFX Application Thread] HHH000400: Using dialect: org.hibernate.dialect.MySQL5Dialect
2024-02-04 19:37:52,114 INFO o.h.h.i.QueryTranslatorFactoryInitiator [JavaFX Application Thread] HHH000397: Using ASTQueryTranslatorFactory
2024-02-04 19:37:52,241 INFO c.g.c.MainController [JavaFX Application Thread] Login successful.
2024-02-04 23:50:21,856 DEBUG c.g.c.LoginController [JavaFX Application Thread] username: x
2024-02-04 23:50:21,858 DEBUG c.g.c.LoginController [JavaFX Application Thread] password: x
2024-02-04 23:50:21,976 INFO o.h.Version [JavaFX Application Thread] HHH000412: Hibernate Core {5.1.13.Final}
2024-02-04 23:50:21,977 INFO o.h.c.Environment [JavaFX Application Thread] HHH000206: hibernate.properties not found
2024-02-04 23:50:21,979 INFO o.h.c.Environment [JavaFX Application Thread] HHH000021: Bytecode provider name : javassist
2024-02-04 23:50:22,007 INFO o.h.a.c.r.j.JavaReflectionManager [JavaFX Application Thread] HCANN000001: Hibernate Commons Annotations {5.0.1.Final}
2024-02-04 23:50:22,043 WARN o.h.e.j.c.i.DriverManagerConnectionProviderImpl [JavaFX Application Thread] HHH10001002: Using Hibernate built-in connection pool (not for production use!)
2024-02-04 23:50:22,047 INFO o.h.e.j.c.i.DriverManagerConnectionProviderImpl [JavaFX Application Thread] HHH10001005: using driver [com.mysql.cj.jdbc.Driver] at URL [jdbc:mysql://localhost:3306/gnfs?useSSL=false]
2024-02-04 23:50:22,048 INFO o.h.e.j.c.i.DriverManagerConnectionProviderImpl [JavaFX Application Thread] HHH10001001: Connection properties: {user=root, password=****}
2024-02-04 23:50:22,048 INFO o.h.e.j.c.i.DriverManagerConnectionProviderImpl [JavaFX Application Thread] HHH10001003: Autocommit mode: true
2024-02-04 23:50:22,050 INFO o.h.e.j.c.i.PooledConnections [JavaFX Application Thread] HHH000115: Hibernate connection pool size: 3 (min=1)
2024-02-04 23:50:22,209 INFO o.h.d.Dialect [JavaFX Application Thread] HHH000400: Using dialect: org.hibernate.dialect.MySQL5Dialect
2024-02-04 23:50:23,336 INFO o.h.h.i.QueryTranslatorFactoryInitiator [JavaFX Application Thread] HHH000397: Using ASTQueryTranslatorFactory
2024-02-04 23:50:23,514 INFO c.g.c.MainController [JavaFX Application Thread] Login successful.
2024-02-04 23:50:34,553 DEBUG c.g.c.MainController [JavaFX Application Thread] Search: 
2024-02-04 23:50:45,575 DEBUG c.g.c.MainController [JavaFX Application Thread] Search: GC4839
2024-02-04 23:50:45,618 DEBUG c.g.c.MainController [JavaFX Application Thread] Adding Owner Row..... 1
2024-02-04 23:50:45,619 DEBUG c.g.c.MainController [JavaFX Application Thread] Adding Owner Row..... 2
2024-02-04 23:50:45,624 DEBUG c.g.c.MainController [JavaFX Application Thread] Adding Occupyer Row..... 1
2024-02-04 23:50:45,625 DEBUG c.g.c.MainController [JavaFX Application Thread] Adding Occupyer Row..... 2
2024-02-04 23:50:45,630 DEBUG c.g.c.MainController [JavaFX Application Thread] Adding Staff Row..... 1
